<?xml version="1.0" encoding="UTF-8"?>
<testng-results ignored="0" total="5" passed="5" failed="0" skipped="0">
  <reporter-output>
  </reporter-output>
  <suite started-at="2024-02-28T23:13:20 IST" name="Default suite" finished-at="2024-02-28T23:16:03 IST" duration-ms="163402">
    <groups>
      <group name="cucumber">
        <method signature="AbstractTestNGCucumberTests.runScenario(io.cucumber.testng.PickleWrapper,io.cucumber.testng.FeatureWrapper)[pri:0, instance:com.LoanEMI.StepRunner.TestRunner@1a6d8329]" name="runScenario" class="io.cucumber.testng.AbstractTestNGCucumberTests"/>
      </group> <!-- cucumber -->
    </groups>
    <test started-at="2024-02-28T23:13:20 IST" name="Default test" finished-at="2024-02-28T23:16:03 IST" duration-ms="163402">
      <class name="com.LoanEMI.StepRunner.TestRunner">
        <test-method is-config="true" signature="setUpClass(org.testng.ITestContext)[pri:0, instance:com.LoanEMI.StepRunner.TestRunner@1a6d8329]" started-at="2024-02-28T23:13:20 IST" name="setUpClass" finished-at="2024-02-28T23:13:43 IST" duration-ms="23336" status="PASS">
          <params>
            <param index="0">
              <value>
                <![CDATA[org.testng.TestRunner@23c72128]]>
              </value>
            </param>
          </params>
          <reporter-output>
          </reporter-output>
        </test-method> <!-- setUpClass -->
        <test-method signature="runScenario(io.cucumber.testng.PickleWrapper,io.cucumber.testng.FeatureWrapper)[pri:0, instance:com.LoanEMI.StepRunner.TestRunner@1a6d8329]" started-at="2024-02-28T23:13:43 IST" name="runScenario" description="Runs Cucumber Scenarios" data-provider="scenarios" finished-at="2024-02-28T23:13:47 IST" duration-ms="3709" status="PASS">
          <params>
            <param index="0">
              <value>
                <![CDATA["EMI Calculator for Car"]]>
              </value>
            </param>
            <param index="1">
              <value>
                <![CDATA["EMI Calculator"]]>
              </value>
            </param>
          </params>
          <reporter-output>
          </reporter-output>
        </test-method> <!-- runScenario -->
        <test-method signature="runScenario(io.cucumber.testng.PickleWrapper,io.cucumber.testng.FeatureWrapper)[pri:0, instance:com.LoanEMI.StepRunner.TestRunner@1a6d8329]" started-at="2024-02-28T23:13:47 IST" name="runScenario" description="Runs Cucumber Scenarios" data-provider="scenarios" finished-at="2024-02-28T23:13:59 IST" duration-ms="11359" status="PASS">
          <params>
            <param index="0">
              <value>
                <![CDATA["Home Loan EMI calculator"]]>
              </value>
            </param>
            <param index="1">
              <value>
                <![CDATA["EMI Calculator"]]>
              </value>
            </param>
          </params>
          <reporter-output>
          </reporter-output>
        </test-method> <!-- runScenario -->
        <test-method signature="runScenario(io.cucumber.testng.PickleWrapper,io.cucumber.testng.FeatureWrapper)[pri:0, instance:com.LoanEMI.StepRunner.TestRunner@1a6d8329]" started-at="2024-02-28T23:13:59 IST" name="runScenario" description="Runs Cucumber Scenarios" data-provider="scenarios" finished-at="2024-02-28T23:14:44 IST" duration-ms="45130" status="PASS">
          <params>
            <param index="0">
              <value>
                <![CDATA["UI check for EMI calculator"]]>
              </value>
            </param>
            <param index="1">
              <value>
                <![CDATA["EMI Calculator"]]>
              </value>
            </param>
          </params>
          <reporter-output>
          </reporter-output>
        </test-method> <!-- runScenario -->
        <test-method signature="runScenario(io.cucumber.testng.PickleWrapper,io.cucumber.testng.FeatureWrapper)[pri:0, instance:com.LoanEMI.StepRunner.TestRunner@1a6d8329]" started-at="2024-02-28T23:14:44 IST" name="runScenario" description="Runs Cucumber Scenarios" data-provider="scenarios" finished-at="2024-02-28T23:15:16 IST" duration-ms="32345" status="PASS">
          <params>
            <param index="0">
              <value>
                <![CDATA["UI check for Loan Amount calculator"]]>
              </value>
            </param>
            <param index="1">
              <value>
                <![CDATA["EMI Calculator"]]>
              </value>
            </param>
          </params>
          <reporter-output>
          </reporter-output>
        </test-method> <!-- runScenario -->
        <test-method signature="runScenario(io.cucumber.testng.PickleWrapper,io.cucumber.testng.FeatureWrapper)[pri:0, instance:com.LoanEMI.StepRunner.TestRunner@1a6d8329]" started-at="2024-02-28T23:15:16 IST" name="runScenario" description="Runs Cucumber Scenarios" data-provider="scenarios" finished-at="2024-02-28T23:15:59 IST" duration-ms="42986" status="PASS">
          <params>
            <param index="0">
              <value>
                <![CDATA["UI check for Loan Tenure  calculator"]]>
              </value>
            </param>
            <param index="1">
              <value>
                <![CDATA["EMI Calculator"]]>
              </value>
            </param>
          </params>
          <reporter-output>
          </reporter-output>
        </test-method> <!-- runScenario -->
        <test-method is-config="true" signature="tearDownClass()[pri:0, instance:com.LoanEMI.StepRunner.TestRunner@1a6d8329]" started-at="2024-02-28T23:15:59 IST" name="tearDownClass" finished-at="2024-02-28T23:16:03 IST" duration-ms="4358" status="PASS">
          <reporter-output>
          </reporter-output>
        </test-method> <!-- tearDownClass -->
      </class> <!-- com.LoanEMI.StepRunner.TestRunner -->
    </test> <!-- Default test -->
  </suite> <!-- Default suite -->
</testng-results>
