<?xml version="1.0" encoding="UTF-8"?>
<testng-results ignored="0" total="24" passed="24" failed="0" skipped="0">
  <reporter-output>
  </reporter-output>
  <suite started-at="2024-03-01T10:04:27 IST" name="Default suite" finished-at="2024-03-01T10:06:02 IST" duration-ms="94310">
    <groups>
      <group name="cucumber">
        <method signature="AbstractTestNGCucumberTests.runScenario(io.cucumber.testng.PickleWrapper,io.cucumber.testng.FeatureWrapper)[pri:0, instance:com.LoanEMI.StepRunner.TestRunner@1a6d8329]" name="runScenario" class="io.cucumber.testng.AbstractTestNGCucumberTests"/>
      </group> <!-- cucumber -->
    </groups>
    <test started-at="2024-03-01T10:04:27 IST" name="Default test" finished-at="2024-03-01T10:06:02 IST" duration-ms="94310">
      <class name="com.LoanEMI.StepRunner.TestRunner">
        <test-method is-config="true" signature="setUpClass(org.testng.ITestContext)[pri:0, instance:com.LoanEMI.StepRunner.TestRunner@1a6d8329]" started-at="2024-03-01T10:04:27 IST" name="setUpClass" finished-at="2024-03-01T10:04:43 IST" duration-ms="15780" status="PASS">
          <params>
            <param index="0">
              <value>
                <![CDATA[org.testng.TestRunner@66589252]]>
              </value>
            </param>
          </params>
          <reporter-output>
          </reporter-output>
        </test-method> <!-- setUpClass -->
        <test-method signature="runScenario(io.cucumber.testng.PickleWrapper,io.cucumber.testng.FeatureWrapper)[pri:0, instance:com.LoanEMI.StepRunner.TestRunner@1a6d8329]" started-at="2024-03-01T10:04:43 IST" name="runScenario" description="Runs Cucumber Scenarios" data-provider="scenarios" finished-at="2024-03-01T10:04:48 IST" duration-ms="5229" status="PASS">
          <params>
            <param index="0">
              <value>
                <![CDATA["EMI Calculator for Car"]]>
              </value>
            </param>
            <param index="1">
              <value>
                <![CDATA["EMI Calculator EndToEnd"]]>
              </value>
            </param>
          </params>
          <reporter-output>
          </reporter-output>
        </test-method> <!-- runScenario -->
        <test-method signature="runScenario(io.cucumber.testng.PickleWrapper,io.cucumber.testng.FeatureWrapper)[pri:0, instance:com.LoanEMI.StepRunner.TestRunner@1a6d8329]" started-at="2024-03-01T10:04:48 IST" name="runScenario" description="Runs Cucumber Scenarios" data-provider="scenarios" finished-at="2024-03-01T10:04:52 IST" duration-ms="3693" status="PASS">
          <params>
            <param index="0">
              <value>
                <![CDATA["EMI Calculator for Car"]]>
              </value>
            </param>
            <param index="1">
              <value>
                <![CDATA["EMI Calculator EndToEnd"]]>
              </value>
            </param>
          </params>
          <reporter-output>
          </reporter-output>
        </test-method> <!-- runScenario -->
        <test-method signature="runScenario(io.cucumber.testng.PickleWrapper,io.cucumber.testng.FeatureWrapper)[pri:0, instance:com.LoanEMI.StepRunner.TestRunner@1a6d8329]" started-at="2024-03-01T10:04:52 IST" name="runScenario" description="Runs Cucumber Scenarios" data-provider="scenarios" finished-at="2024-03-01T10:04:56 IST" duration-ms="3869" status="PASS">
          <params>
            <param index="0">
              <value>
                <![CDATA["EMI Calculator for Car"]]>
              </value>
            </param>
            <param index="1">
              <value>
                <![CDATA["EMI Calculator EndToEnd"]]>
              </value>
            </param>
          </params>
          <reporter-output>
          </reporter-output>
        </test-method> <!-- runScenario -->
        <test-method signature="runScenario(io.cucumber.testng.PickleWrapper,io.cucumber.testng.FeatureWrapper)[pri:0, instance:com.LoanEMI.StepRunner.TestRunner@1a6d8329]" started-at="2024-03-01T10:04:56 IST" name="runScenario" description="Runs Cucumber Scenarios" data-provider="scenarios" finished-at="2024-03-01T10:05:02 IST" duration-ms="5927" status="PASS">
          <params>
            <param index="0">
              <value>
                <![CDATA["EMI Calculator for Car"]]>
              </value>
            </param>
            <param index="1">
              <value>
                <![CDATA["EMI Calculator EndToEnd"]]>
              </value>
            </param>
          </params>
          <reporter-output>
          </reporter-output>
        </test-method> <!-- runScenario -->
        <test-method signature="runScenario(io.cucumber.testng.PickleWrapper,io.cucumber.testng.FeatureWrapper)[pri:0, instance:com.LoanEMI.StepRunner.TestRunner@1a6d8329]" started-at="2024-03-01T10:05:02 IST" name="runScenario" description="Runs Cucumber Scenarios" data-provider="scenarios" finished-at="2024-03-01T10:05:19 IST" duration-ms="17462" status="PASS">
          <params>
            <param index="0">
              <value>
                <![CDATA["Home Loan EMI calculator"]]>
              </value>
            </param>
            <param index="1">
              <value>
                <![CDATA["EMI Calculator EndToEnd"]]>
              </value>
            </param>
          </params>
          <reporter-output>
          </reporter-output>
        </test-method> <!-- runScenario -->
        <test-method signature="runScenario(io.cucumber.testng.PickleWrapper,io.cucumber.testng.FeatureWrapper)[pri:0, instance:com.LoanEMI.StepRunner.TestRunner@1a6d8329]" started-at="2024-03-01T10:05:19 IST" name="runScenario" description="Runs Cucumber Scenarios" data-provider="scenarios" finished-at="2024-03-01T10:05:27 IST" duration-ms="7731" status="PASS">
          <params>
            <param index="0">
              <value>
                <![CDATA["UI check for EMI calculator"]]>
              </value>
            </param>
            <param index="1">
              <value>
                <![CDATA["EMI Calculator EndToEnd"]]>
              </value>
            </param>
          </params>
          <reporter-output>
          </reporter-output>
        </test-method> <!-- runScenario -->
        <test-method signature="runScenario(io.cucumber.testng.PickleWrapper,io.cucumber.testng.FeatureWrapper)[pri:0, instance:com.LoanEMI.StepRunner.TestRunner@1a6d8329]" started-at="2024-03-01T10:05:27 IST" name="runScenario" description="Runs Cucumber Scenarios" data-provider="scenarios" finished-at="2024-03-01T10:05:33 IST" duration-ms="5333" status="PASS">
          <params>
            <param index="0">
              <value>
                <![CDATA["UI check for Loan Amount calculator"]]>
              </value>
            </param>
            <param index="1">
              <value>
                <![CDATA["EMI Calculator EndToEnd"]]>
              </value>
            </param>
          </params>
          <reporter-output>
          </reporter-output>
        </test-method> <!-- runScenario -->
        <test-method signature="runScenario(io.cucumber.testng.PickleWrapper,io.cucumber.testng.FeatureWrapper)[pri:0, instance:com.LoanEMI.StepRunner.TestRunner@1a6d8329]" started-at="2024-03-01T10:05:33 IST" name="runScenario" description="Runs Cucumber Scenarios" data-provider="scenarios" finished-at="2024-03-01T10:05:38 IST" duration-ms="5200" status="PASS">
          <params>
            <param index="0">
              <value>
                <![CDATA["UI check for Loan Tenure  calculator"]]>
              </value>
            </param>
            <param index="1">
              <value>
                <![CDATA["EMI Calculator EndToEnd"]]>
              </value>
            </param>
          </params>
          <reporter-output>
          </reporter-output>
        </test-method> <!-- runScenario -->
        <test-method signature="runScenario(io.cucumber.testng.PickleWrapper,io.cucumber.testng.FeatureWrapper)[pri:0, instance:com.LoanEMI.StepRunner.TestRunner@1a6d8329]" started-at="2024-03-01T10:05:38 IST" name="runScenario" description="Runs Cucumber Scenarios" data-provider="scenarios" finished-at="2024-03-01T10:05:40 IST" duration-ms="2728" status="PASS">
          <params>
            <param index="0">
              <value>
                <![CDATA["Checking functionality of loan amount input field and slider assosiated with it"]]>
              </value>
            </param>
            <param index="1">
              <value>
                <![CDATA["EMI Calculator regression"]]>
              </value>
            </param>
          </params>
          <reporter-output>
          </reporter-output>
        </test-method> <!-- runScenario -->
        <test-method signature="runScenario(io.cucumber.testng.PickleWrapper,io.cucumber.testng.FeatureWrapper)[pri:0, instance:com.LoanEMI.StepRunner.TestRunner@1a6d8329]" started-at="2024-03-01T10:05:40 IST" name="runScenario" description="Runs Cucumber Scenarios" data-provider="scenarios" finished-at="2024-03-01T10:05:42 IST" duration-ms="1328" status="PASS">
          <params>
            <param index="0">
              <value>
                <![CDATA["Checking functionality of interest rate input field and slider assosiated with it"]]>
              </value>
            </param>
            <param index="1">
              <value>
                <![CDATA["EMI Calculator regression"]]>
              </value>
            </param>
          </params>
          <reporter-output>
          </reporter-output>
        </test-method> <!-- runScenario -->
        <test-method signature="runScenario(io.cucumber.testng.PickleWrapper,io.cucumber.testng.FeatureWrapper)[pri:0, instance:com.LoanEMI.StepRunner.TestRunner@1a6d8329]" started-at="2024-03-01T10:05:42 IST" name="runScenario" description="Runs Cucumber Scenarios" data-provider="scenarios" finished-at="2024-03-01T10:05:43 IST" duration-ms="1323" status="PASS">
          <params>
            <param index="0">
              <value>
                <![CDATA["Checking functionality of loan tenure input field and slider assosiated with it"]]>
              </value>
            </param>
            <param index="1">
              <value>
                <![CDATA["EMI Calculator regression"]]>
              </value>
            </param>
          </params>
          <reporter-output>
          </reporter-output>
        </test-method> <!-- runScenario -->
        <test-method signature="runScenario(io.cucumber.testng.PickleWrapper,io.cucumber.testng.FeatureWrapper)[pri:0, instance:com.LoanEMI.StepRunner.TestRunner@1a6d8329]" started-at="2024-03-01T10:05:43 IST" name="runScenario" description="Runs Cucumber Scenarios" data-provider="scenarios" finished-at="2024-03-01T10:05:44 IST" duration-ms="1217" status="PASS">
          <params>
            <param index="0">
              <value>
                <![CDATA["Checking functionality of fees and charge input field and slider assosiated with it"]]>
              </value>
            </param>
            <param index="1">
              <value>
                <![CDATA["EMI Calculator regression"]]>
              </value>
            </param>
          </params>
          <reporter-output>
          </reporter-output>
        </test-method> <!-- runScenario -->
        <test-method signature="runScenario(io.cucumber.testng.PickleWrapper,io.cucumber.testng.FeatureWrapper)[pri:0, instance:com.LoanEMI.StepRunner.TestRunner@1a6d8329]" started-at="2024-03-01T10:05:44 IST" name="runScenario" description="Runs Cucumber Scenarios" data-provider="scenarios" finished-at="2024-03-01T10:05:46 IST" duration-ms="1697" status="PASS">
          <params>
            <param index="0">
              <value>
                <![CDATA["EMI calculator loan amount input field displayed"]]>
              </value>
            </param>
            <param index="1">
              <value>
                <![CDATA["EMI Calculator Smoke"]]>
              </value>
            </param>
          </params>
          <reporter-output>
          </reporter-output>
        </test-method> <!-- runScenario -->
        <test-method signature="runScenario(io.cucumber.testng.PickleWrapper,io.cucumber.testng.FeatureWrapper)[pri:0, instance:com.LoanEMI.StepRunner.TestRunner@1a6d8329]" started-at="2024-03-01T10:05:46 IST" name="runScenario" description="Runs Cucumber Scenarios" data-provider="scenarios" finished-at="2024-03-01T10:05:48 IST" duration-ms="1877" status="PASS">
          <params>
            <param index="0">
              <value>
                <![CDATA["EMI calculator interest rate input field displayed"]]>
              </value>
            </param>
            <param index="1">
              <value>
                <![CDATA["EMI Calculator Smoke"]]>
              </value>
            </param>
          </params>
          <reporter-output>
          </reporter-output>
        </test-method> <!-- runScenario -->
        <test-method signature="runScenario(io.cucumber.testng.PickleWrapper,io.cucumber.testng.FeatureWrapper)[pri:0, instance:com.LoanEMI.StepRunner.TestRunner@1a6d8329]" started-at="2024-03-01T10:05:48 IST" name="runScenario" description="Runs Cucumber Scenarios" data-provider="scenarios" finished-at="2024-03-01T10:05:50 IST" duration-ms="2459" status="PASS">
          <params>
            <param index="0">
              <value>
                <![CDATA["EMI calculator loan tenure input field displayed"]]>
              </value>
            </param>
            <param index="1">
              <value>
                <![CDATA["EMI Calculator Smoke"]]>
              </value>
            </param>
          </params>
          <reporter-output>
          </reporter-output>
        </test-method> <!-- runScenario -->
        <test-method signature="runScenario(io.cucumber.testng.PickleWrapper,io.cucumber.testng.FeatureWrapper)[pri:0, instance:com.LoanEMI.StepRunner.TestRunner@1a6d8329]" started-at="2024-03-01T10:05:50 IST" name="runScenario" description="Runs Cucumber Scenarios" data-provider="scenarios" finished-at="2024-03-01T10:05:52 IST" duration-ms="1580" status="PASS">
          <params>
            <param index="0">
              <value>
                <![CDATA["EMI calculator fee and charges input field displayed"]]>
              </value>
            </param>
            <param index="1">
              <value>
                <![CDATA["EMI Calculator Smoke"]]>
              </value>
            </param>
          </params>
          <reporter-output>
          </reporter-output>
        </test-method> <!-- runScenario -->
        <test-method signature="runScenario(io.cucumber.testng.PickleWrapper,io.cucumber.testng.FeatureWrapper)[pri:0, instance:com.LoanEMI.StepRunner.TestRunner@1a6d8329]" started-at="2024-03-01T10:05:52 IST" name="runScenario" description="Runs Cucumber Scenarios" data-provider="scenarios" finished-at="2024-03-01T10:05:53 IST" duration-ms="971" status="PASS">
          <params>
            <param index="0">
              <value>
                <![CDATA["Loan Amount calculator EMI input field displayed"]]>
              </value>
            </param>
            <param index="1">
              <value>
                <![CDATA["EMI Calculator Smoke"]]>
              </value>
            </param>
          </params>
          <reporter-output>
          </reporter-output>
        </test-method> <!-- runScenario -->
        <test-method signature="runScenario(io.cucumber.testng.PickleWrapper,io.cucumber.testng.FeatureWrapper)[pri:0, instance:com.LoanEMI.StepRunner.TestRunner@1a6d8329]" started-at="2024-03-01T10:05:53 IST" name="runScenario" description="Runs Cucumber Scenarios" data-provider="scenarios" finished-at="2024-03-01T10:05:54 IST" duration-ms="816" status="PASS">
          <params>
            <param index="0">
              <value>
                <![CDATA["Loan Amount calculator interest rate input field displayed"]]>
              </value>
            </param>
            <param index="1">
              <value>
                <![CDATA["EMI Calculator Smoke"]]>
              </value>
            </param>
          </params>
          <reporter-output>
          </reporter-output>
        </test-method> <!-- runScenario -->
        <test-method signature="runScenario(io.cucumber.testng.PickleWrapper,io.cucumber.testng.FeatureWrapper)[pri:0, instance:com.LoanEMI.StepRunner.TestRunner@1a6d8329]" started-at="2024-03-01T10:05:54 IST" name="runScenario" description="Runs Cucumber Scenarios" data-provider="scenarios" finished-at="2024-03-01T10:05:54 IST" duration-ms="678" status="PASS">
          <params>
            <param index="0">
              <value>
                <![CDATA["Loan Amount calculator loan tenure input field displayed"]]>
              </value>
            </param>
            <param index="1">
              <value>
                <![CDATA["EMI Calculator Smoke"]]>
              </value>
            </param>
          </params>
          <reporter-output>
          </reporter-output>
        </test-method> <!-- runScenario -->
        <test-method signature="runScenario(io.cucumber.testng.PickleWrapper,io.cucumber.testng.FeatureWrapper)[pri:0, instance:com.LoanEMI.StepRunner.TestRunner@1a6d8329]" started-at="2024-03-01T10:05:54 IST" name="runScenario" description="Runs Cucumber Scenarios" data-provider="scenarios" finished-at="2024-03-01T10:05:55 IST" duration-ms="655" status="PASS">
          <params>
            <param index="0">
              <value>
                <![CDATA["Loan Amount calculator fee and charges input field displayed"]]>
              </value>
            </param>
            <param index="1">
              <value>
                <![CDATA["EMI Calculator Smoke"]]>
              </value>
            </param>
          </params>
          <reporter-output>
          </reporter-output>
        </test-method> <!-- runScenario -->
        <test-method signature="runScenario(io.cucumber.testng.PickleWrapper,io.cucumber.testng.FeatureWrapper)[pri:0, instance:com.LoanEMI.StepRunner.TestRunner@1a6d8329]" started-at="2024-03-01T10:05:55 IST" name="runScenario" description="Runs Cucumber Scenarios" data-provider="scenarios" finished-at="2024-03-01T10:05:56 IST" duration-ms="799" status="PASS">
          <params>
            <param index="0">
              <value>
                <![CDATA["Loan Tenure calculator loan amount input field displayed"]]>
              </value>
            </param>
            <param index="1">
              <value>
                <![CDATA["EMI Calculator Smoke"]]>
              </value>
            </param>
          </params>
          <reporter-output>
          </reporter-output>
        </test-method> <!-- runScenario -->
        <test-method signature="runScenario(io.cucumber.testng.PickleWrapper,io.cucumber.testng.FeatureWrapper)[pri:0, instance:com.LoanEMI.StepRunner.TestRunner@1a6d8329]" started-at="2024-03-01T10:05:56 IST" name="runScenario" description="Runs Cucumber Scenarios" data-provider="scenarios" finished-at="2024-03-01T10:05:57 IST" duration-ms="698" status="PASS">
          <params>
            <param index="0">
              <value>
                <![CDATA["Loan Tenure calculator EMI input field displayed"]]>
              </value>
            </param>
            <param index="1">
              <value>
                <![CDATA["EMI Calculator Smoke"]]>
              </value>
            </param>
          </params>
          <reporter-output>
          </reporter-output>
        </test-method> <!-- runScenario -->
        <test-method signature="runScenario(io.cucumber.testng.PickleWrapper,io.cucumber.testng.FeatureWrapper)[pri:0, instance:com.LoanEMI.StepRunner.TestRunner@1a6d8329]" started-at="2024-03-01T10:05:57 IST" name="runScenario" description="Runs Cucumber Scenarios" data-provider="scenarios" finished-at="2024-03-01T10:05:57 IST" duration-ms="652" status="PASS">
          <params>
            <param index="0">
              <value>
                <![CDATA["Loan Tenure calculator interest rate input field displayed"]]>
              </value>
            </param>
            <param index="1">
              <value>
                <![CDATA["EMI Calculator Smoke"]]>
              </value>
            </param>
          </params>
          <reporter-output>
          </reporter-output>
        </test-method> <!-- runScenario -->
        <test-method signature="runScenario(io.cucumber.testng.PickleWrapper,io.cucumber.testng.FeatureWrapper)[pri:0, instance:com.LoanEMI.StepRunner.TestRunner@1a6d8329]" started-at="2024-03-01T10:05:57 IST" name="runScenario" description="Runs Cucumber Scenarios" data-provider="scenarios" finished-at="2024-03-01T10:05:58 IST" duration-ms="648" status="PASS">
          <params>
            <param index="0">
              <value>
                <![CDATA["Loan Tenure calculator fee and charges input field displayed"]]>
              </value>
            </param>
            <param index="1">
              <value>
                <![CDATA["EMI Calculator Smoke"]]>
              </value>
            </param>
          </params>
          <reporter-output>
          </reporter-output>
        </test-method> <!-- runScenario -->
        <test-method is-config="true" signature="tearDownClass()[pri:0, instance:com.LoanEMI.StepRunner.TestRunner@1a6d8329]" started-at="2024-03-01T10:05:58 IST" name="tearDownClass" finished-at="2024-03-01T10:06:02 IST" duration-ms="3818" status="PASS">
          <reporter-output>
          </reporter-output>
        </test-method> <!-- tearDownClass -->
      </class> <!-- com.LoanEMI.StepRunner.TestRunner -->
    </test> <!-- Default test -->
  </suite> <!-- Default suite -->
</testng-results>
